#
# There is insufficient memory for the Java Runtime Environment to continue.
# Native memory allocation (mmap) failed to map 67108864 bytes for Failed to commit area from 0x00000000c1e00000 to 0x00000000c5e00000 of length 67108864.
# Possible reasons:
#   The system is out of physical RAM or swap space
#   The process is running with CompressedOops enabled, and the Java Heap may be blocking the growth of the native heap
# Possible solutions:
#   Reduce memory load on the system
#   Increase physical memory or swap space
#   Check if swap backing store is full
#   Decrease Java heap size (-Xmx/-Xms)
#   Decrease number of Java threads
#   Decrease Java thread stack sizes (-Xss)
#   Set larger code cache with -XX:ReservedCodeCacheSize=
# This output file may be truncated or incomplete.
#
#  Out of Memory Error (t:/workspace/open/src/hotspot/os/windows/os_windows.cpp:3301), pid=6656, tid=11084
#
# JRE version:  (13.0.1+9) (build )
# Java VM: Java HotSpot(TM) 64-Bit Server VM (13.0.1+9, mixed mode, aot, sharing, tiered, compressed oops, g1 gc, windows-amd64)
# No core dump will be written. Minidumps are not enabled by default on client versions of Windows
#

---------------  S U M M A R Y ------------

Command Line: -Dfile.encoding=UTF-8 --module-path=C:\Users\HL\Documents\FPT\PRJ311 - ThanhPC\LamHDT\build\classes main.UI

Host: Intel(R) Core(TM) i5-8250U CPU @ 1.60GHz, 8 cores, 3G,  Windows 10 , 64 bit Build 18362 (10.0.18362.900)
Time: Wed Jun 24 08:43:49 2020 SE Asia Standard Time elapsed time: 0 seconds (0d 0h 0m 0s)

---------------  T H R E A D  ---------------

Current thread (0x00000187ce077800):  JavaThread "Unknown thread" [_thread_in_vm, id=11084, stack(0x00000065a3400000,0x00000065a3500000)]

Stack: [0x00000065a3400000,0x00000065a3500000]
Native frames: (J=compiled Java code, j=interpreted, Vv=VM code, C=native code)
V  [jvm.dll+0x626eca]
V  [jvm.dll+0x772c6a]
V  [jvm.dll+0x77441f]
V  [jvm.dll+0x774a23]
V  [jvm.dll+0x24da58]
V  [jvm.dll+0x62438a]
V  [jvm.dll+0x618f75]
V  [jvm.dll+0x30c61c]
V  [jvm.dll+0x30c452]
V  [jvm.dll+0x311bc6]
V  [jvm.dll+0x355ce6]
V  [jvm.dll+0x3554c0]
V  [jvm.dll+0x2e729a]
V  [jvm.dll+0x2e8532]
V  [jvm.dll+0x74fcd8]
V  [jvm.dll+0x363739]
V  [jvm.dll+0x732dc5]
V  [jvm.dll+0x3ce2ef]
V  [jvm.dll+0x3d0611]
C  [jli.dll+0x51ff]
C  [ucrtbase.dll+0x20e82]
C  [KERNEL32.DLL+0x17bd4]
C  [ntdll.dll+0x6ce51]


---------------  P R O C E S S  ---------------

Threads class SMR info:
_java_thread_list=0x00007ffe4a2546b8, length=0, elements={
}

Java Threads: ( => current thread )

Other Threads:
  0x00000187ce0a6000 GCTaskThread "GC Thread#0" [stack: 0x00000065a3500000,0x00000065a3600000] [id=13572]
  0x00000187ce0b1800 ConcurrentGCThread "G1 Main Marker" [stack: 0x00000065a3600000,0x00000065a3700000] [id=20928]
  0x00000187ce0b3000 ConcurrentGCThread "G1 Conc#0" [stack: 0x00000065a3700000,0x00000065a3800000] [id=12072]

[error occurred during error reporting (printing all threads), id 0xc0000005, EXCEPTION_ACCESS_VIOLATION (0xc0000005) at pc=0x00007ffe49a86f67]

VM state:not at safepoint (not fully initialized)

VM Mutex/Monitor currently owned by a thread:  ([mutex/lock_event])
[0x00000187ce073ed0] Heap_lock - owner thread: 0x00000187ce077800

Heap address: 0x00000000c1e00000, size: 994 MB, Compressed Oops mode: Non-zero based: 0x00000000c1e00000
Narrow klass base: 0x0000000000000000, Narrow klass shift: 0

GC Heap History (0 events):
No events

Deoptimization events (0 events):
No events

Classes unloaded (0 events):
No events

Classes redefined (0 events):
No events

Internal exceptions (0 events):
No events

Events (8 events):
Event: 0.006 Loaded shared library C:\Program Files\Java\jdk-13.0.1\bin\zip.dll
Event: 0.007 Loaded shared library C:\Program Files\Java\jdk-13.0.1\bin\jimage.dll
Event: 0.008 Loading shared library C:\Program Files\Java\jdk-13.0.1\lib\libjava.base-coop.dll failed, error code 126
Event: 0.008 Loading shared library C:\Program Files\Java\jdk-13.0.1\lib\libjava.logging-coop.dll failed, error code 126
Event: 0.009 Loading shared library C:\Program Files\Java\jdk-13.0.1\lib\libjdk.compiler-coop.dll failed, error code 126
Event: 0.009 Loading shared library C:\Program Files\Java\jdk-13.0.1\lib\libjdk.scripting.nashorn-coop.dll failed, error code 126
Event: 0.009 Loading shared library C:\Program Files\Java\jdk-13.0.1\lib\libjdk.internal.vm.ci-coop.dll failed, error code 126
Event: 0.009 Loading shared library C:\Program Files\Java\jdk-13.0.1\lib\libjdk.internal.vm.compiler-coop.dll failed, error code 126


Dynamic libraries:
0x00007ff7df5f0000 - 0x00007ff7df5ff000 	C:\Program Files\Java\jdk-13.0.1\bin\java.exe
0x00007ffea8b40000 - 0x00007ffea8d30000 	C:\Windows\SYSTEM32\ntdll.dll
0x00007ffea7530000 - 0x00007ffea75e2000 	C:\Windows\System32\KERNEL32.DLL
0x00007ffea68c0000 - 0x00007ffea6b64000 	C:\Windows\System32\KERNELBASE.dll
0x00007ffea3820000 - 0x00007ffea38af000 	C:\Windows\SYSTEM32\apphelp.dll
0x00007ffea5ef0000 - 0x00007ffea5fea000 	C:\Windows\System32\ucrtbase.dll
0x00007ffe9be80000 - 0x00007ffe9be98000 	C:\Program Files\Java\jdk-13.0.1\bin\jli.dll
0x00007ffea7fa0000 - 0x00007ffea8043000 	C:\Windows\System32\ADVAPI32.dll
0x00007ffe8fe10000 - 0x00007ffe8fe25000 	C:\Program Files\Java\jdk-13.0.1\bin\VCRUNTIME140.dll
0x00007ffea6f70000 - 0x00007ffea700e000 	C:\Windows\System32\msvcrt.dll
0x00007ffea8190000 - 0x00007ffea8227000 	C:\Windows\System32\sechost.dll
0x00007ffea82e0000 - 0x00007ffea8400000 	C:\Windows\System32\RPCRT4.dll
0x00007ffea6d60000 - 0x00007ffea6ef4000 	C:\Windows\System32\USER32.dll
0x00007ffea5e40000 - 0x00007ffea5e61000 	C:\Windows\System32\win32u.dll
0x00007ffea6d30000 - 0x00007ffea6d56000 	C:\Windows\System32\GDI32.dll
0x00007ffea5ad0000 - 0x00007ffea5c65000 	C:\Windows\System32\gdi32full.dll
0x00007ffea60a0000 - 0x00007ffea613e000 	C:\Windows\System32\msvcp_win.dll
0x00007ffe96010000 - 0x00007ffe96294000 	C:\Windows\WinSxS\amd64_microsoft.windows.common-controls_6595b64144ccf1df_6.0.18362.900_none_e6beb9d913147d17\COMCTL32.dll
0x00007ffea71e0000 - 0x00007ffea7515000 	C:\Windows\System32\combase.dll
0x00007ffea6b70000 - 0x00007ffea6bf0000 	C:\Windows\System32\bcryptPrimitives.dll
0x00007ffea0e80000 - 0x00007ffea0e8a000 	C:\Windows\SYSTEM32\VERSION.dll
0x00007ffea7a20000 - 0x00007ffea7a4e000 	C:\Windows\System32\IMM32.DLL
0x00007ffe6d2a0000 - 0x00007ffe6d33b000 	C:\Program Files\Java\jdk-13.0.1\bin\msvcp140.dll
0x00007ffe49790000 - 0x00007ffe4a2f6000 	C:\Program Files\Java\jdk-13.0.1\bin\server\jvm.dll
0x00007ffea8400000 - 0x00007ffea8408000 	C:\Windows\System32\PSAPI.DLL
0x00007ffe9be30000 - 0x00007ffe9be39000 	C:\Windows\SYSTEM32\WSOCK32.dll
0x00007ffe99450000 - 0x00007ffe99474000 	C:\Windows\SYSTEM32\WINMM.dll
0x00007ffea7170000 - 0x00007ffea71df000 	C:\Windows\System32\WS2_32.dll
0x00007ffe937f0000 - 0x00007ffe9381d000 	C:\Windows\SYSTEM32\winmmbase.dll
0x00007ffea5e70000 - 0x00007ffea5eba000 	C:\Windows\System32\cfgmgr32.dll
0x00007ffea5a30000 - 0x00007ffea5a41000 	C:\Windows\System32\kernel.appcore.dll
0x00007ffe9b560000 - 0x00007ffe9b570000 	C:\Program Files\Java\jdk-13.0.1\bin\verify.dll
0x00007ffea4290000 - 0x00007ffea4484000 	C:\Windows\SYSTEM32\DBGHELP.DLL
0x00007ffe8cfe0000 - 0x00007ffe8d00a000 	C:\Windows\SYSTEM32\dbgcore.DLL
0x00007ffe8fcd0000 - 0x00007ffe8fcf6000 	C:\Program Files\Java\jdk-13.0.1\bin\java.dll
0x00007ffe8fcb0000 - 0x00007ffe8fcc7000 	C:\Program Files\Java\jdk-13.0.1\bin\zip.dll
0x00007ffe9b4a0000 - 0x00007ffe9b4aa000 	C:\Program Files\Java\jdk-13.0.1\bin\jimage.dll

dbghelp: loaded successfully - version: 4.0.5 - missing functions: none
symbol engine: initialized successfully - sym options: 0x614 - pdb path: .;C:\Program Files\Java\jdk-13.0.1\bin;C:\Windows\SYSTEM32;C:\Windows\WinSxS\amd64_microsoft.windows.common-controls_6595b64144ccf1df_6.0.18362.900_none_e6beb9d913147d17;C:\Program Files\Java\jdk-13.0.1\bin\server

VM Arguments:
jvm_args: -Dfile.encoding=UTF-8 --module-path=C:\Users\HL\Documents\FPT\PRJ311 - ThanhPC\LamHDT\build\classes 
java_command: main.UI
java_class_path (initial): C:\Program Files\NetBeans-11.2\netbeans\java\modules\ext\AbsoluteLayout.jar;C:\Users\HL\Documents\FPT\PRJ311 - ThanhPC\LamHDT\build\classes
Launcher Type: SUN_STANDARD

[Global flags]
     intx CICompilerCount                          = 4                                         {product} {ergonomic}
     uint ConcGCThreads                            = 2                                         {product} {ergonomic}
     uint G1ConcRefinementThreads                  = 8                                         {product} {ergonomic}
   size_t G1HeapRegionSize                         = 1048576                                   {product} {ergonomic}
    uintx GCDrainStackTargetSize                   = 64                                        {product} {ergonomic}
   size_t InitialHeapSize                          = 67108864                                  {product} {ergonomic}
   size_t MarkStackSize                            = 4194304                                   {product} {ergonomic}
   size_t MaxHeapSize                              = 1042284544                                {product} {ergonomic}
   size_t MinHeapDeltaBytes                        = 1048576                                   {product} {ergonomic}
   size_t MinHeapSize                              = 8388608                                   {product} {ergonomic}
    uintx NonNMethodCodeHeapSize                   = 5836300                                {pd product} {ergonomic}
    uintx NonProfiledCodeHeapSize                  = 122910970                              {pd product} {ergonomic}
    uintx ProfiledCodeHeapSize                     = 122910970                              {pd product} {ergonomic}
    uintx ReservedCodeCacheSize                    = 251658240                              {pd product} {ergonomic}
     bool SegmentedCodeCache                       = true                                      {product} {ergonomic}
   size_t SoftMaxHeapSize                          = 1042284544                             {manageable} {ergonomic}
     bool UseCompressedClassPointers               = true                                 {lp64_product} {ergonomic}
     bool UseCompressedOops                        = true                                 {lp64_product} {ergonomic}
     bool UseG1GC                                  = true                                      {product} {ergonomic}
     bool UseLargePagesIndividualAllocation        = false                                  {pd product} {ergonomic}

Logging:
Log output configuration:
 #0: stdout all=warning uptime,level,tags
 #1: stderr all=off uptime,level,tags

Environment Variables:
JAVA_HOME=C:\Program Files\Java\jdk-13.0.1
PATH=C:\Program Files (x86)\Common Files\Oracle\Java\javapath;C:\Python27\;C:\Python27\Scripts;C:\Windows\system32;C:\Windows;C:\Windows\System32\Wbem;C:\Windows\System32\WindowsPowerShell\v1.0\;C:\Windows\System32\OpenSSH\;C:\Program Files\dotnet\;C:\Program Files\Microsoft SQL Server\130\Tools\Binn\;C:\Program Files\Microsoft SQL Server\Client SDK\ODBC\170\Tools\Binn\;C:\MinGW\bin;C:\Program Files\Git\cmd;C:\Program Files (x86)\Microsoft SQL Server\140\Tools\Binn\;C:\Program Files\Microsoft SQL Server\140\Tools\Binn\;C:\Program Files (x86)\Microsoft SQL Server\140\DTS\Binn\;C:\Program Files\Microsoft SQL Server\140\DTS\Binn\;C:\Program Files\Microsoft SQL Server\Client SDK\ODBC\130\Tools\Binn\;C:\Program Files (x86)\Microsoft SQL Server\150\DTS\Binn\;C:\Program Files\Java\jdk-13.0.1\bin;C:\Program Files\nodejs\;C:\ProgramData\chocolatey\bin;C:\Program Files\Microsoft VS Code\bin;C:\Users\HL\AppData\Local\Microsoft\WindowsApps;C:\Users\HL\AppData\Local\GitHubDesktop\bin;C:\Users\HL\AppData\Roaming\npm;C:\Program Files\JetBrains\IntelliJ IDEA 2019.3.4\bin;
USERNAME=HL
OS=Windows_NT
PROCESSOR_IDENTIFIER=Intel64 Family 6 Model 142 Stepping 10, GenuineIntel



---------------  S Y S T E M  ---------------

OS: Windows 10 , 64 bit Build 18362 (10.0.18362.900)

CPU:total 8 (initial active 8) (4 cores per cpu, 2 threads per core) family 6 model 142 stepping 10, cmov, cx8, fxsr, mmx, sse, sse2, sse3, ssse3, sse4.1, sse4.2, popcnt, avx, avx2, aes, clmul, erms, 3dnowpref, lzcnt, ht, tsc, tscinvbit, bmi1, bmi2, adx, fma

Memory: 4k page, system-wide physical 3970M (321M free)
TotalPageFile size 8970M (AvailPageFile size 27M)
current process WorkingSet (physical memory assigned to process): 10M, peak: 10M
current process commit charge ("private bytes"): 60M, peak: 124M

vm_info: Java HotSpot(TM) 64-Bit Server VM (13.0.1+9) for windows-amd64 JRE (13.0.1+9), built on Oct  6 2019 12:37:49 by "mach5one" with unknown MS VC++:1916

END.
