#
# There is insufficient memory for the Java Runtime Environment to continue.
# Native memory allocation (malloc) failed to allocate 191376 bytes for Chunk::new
# Possible reasons:
#   The system is out of physical RAM or swap space
#   The process is running with CompressedOops enabled, and the Java Heap may be blocking the growth of the native heap
# Possible solutions:
#   Reduce memory load on the system
#   Increase physical memory or swap space
#   Check if swap backing store is full
#   Decrease Java heap size (-Xmx/-Xms)
#   Decrease number of Java threads
#   Decrease Java thread stack sizes (-Xss)
#   Set larger code cache with -XX:ReservedCodeCacheSize=
#   JVM is running with Unscaled Compressed Oops mode in which the Java heap is
#     placed in the first 4GB address space. The Java Heap base address is the
#     maximum limit for the native heap growth. Please use -XX:HeapBaseMinAddress
#     to set the Java Heap base and to place the Java Heap above 4GB virtual address.
# This output file may be truncated or incomplete.
#
#  Out of Memory Error (./open/src/hotspot/share/memory/arena.cpp:197), pid=13488, tid=12536
#
# JRE version: Java(TM) SE Runtime Environment 18.9 (11.0.7+8) (build 11.0.7+8-LTS)
# Java VM: Java HotSpot(TM) 64-Bit Server VM 18.9 (11.0.7+8-LTS, mixed mode, tiered, compressed oops, g1 gc, windows-amd64)
# No core dump will be written. Minidumps are not enabled by default on client versions of Windows
#

---------------  S U M M A R Y ------------

Command Line: -Dfile.encoding=UTF-8 main.UI

Host: Intel(R) Core(TM) i5-8250U CPU @ 1.60GHz, 8 cores, 3G,  Windows 10 , 64 bit Build 18362 (10.0.18362.900)
Time: Sat Jul  4 15:56:03 2020 SE Asia Standard Time elapsed time: 0 seconds (0d 0h 0m 0s)

---------------  T H R E A D  ---------------

Current thread (0x0000022bf227a800):  JavaThread "C2 CompilerThread0" daemon [_thread_in_native, id=12536, stack(0x00000063b4100000,0x00000063b4200000)]


Current CompileTask:
C2:    446  360       4       jdk.internal.org.objectweb.asm.Item::set (219 bytes)

Stack: [0x00000063b4100000,0x00000063b4200000]
Native frames: (J=compiled Java code, j=interpreted, Vv=VM code, C=native code)
V  [jvm.dll+0x661a7a]
V  [jvm.dll+0x7a1b2f]
V  [jvm.dll+0x7a31d5]
V  [jvm.dll+0x7a3843]
V  [jvm.dll+0x25f1a8]
V  [jvm.dll+0xc2441]
V  [jvm.dll+0xc29cc]
V  [jvm.dll+0x2d0f84]
V  [jvm.dll+0x57d74f]
V  [jvm.dll+0x21a0cb]
V  [jvm.dll+0x217766]
V  [jvm.dll+0x19407c]
V  [jvm.dll+0x226c74]
V  [jvm.dll+0x224e98]
V  [jvm.dll+0x765e25]
V  [jvm.dll+0x75e875]
V  [jvm.dll+0x660b26]
C  [ucrtbase.dll+0x20e82]
C  [KERNEL32.DLL+0x17bd4]
C  [ntdll.dll+0x6ce51]


---------------  P R O C E S S  ---------------

Threads class SMR info:
_java_thread_list=0x0000022bf2cdd710, length=10, elements={
0x0000022bd5bbc800, 0x0000022bf221a000, 0x0000022bf2223800, 0x0000022bf2276800,
0x0000022bf2277800, 0x0000022bf227a800, 0x0000022bf2bc9000, 0x0000022bf228c000,
0x0000022bf2cdc000, 0x0000022bf2cdf800
}

Java Threads: ( => current thread )
  0x0000022bd5bbc800 JavaThread "main" [_thread_in_Java, id=16040, stack(0x00000063b3600000,0x00000063b3700000)]
  0x0000022bf221a000 JavaThread "Reference Handler" daemon [_thread_blocked, id=15388, stack(0x00000063b3d00000,0x00000063b3e00000)]
  0x0000022bf2223800 JavaThread "Finalizer" daemon [_thread_blocked, id=17224, stack(0x00000063b3e00000,0x00000063b3f00000)]
  0x0000022bf2276800 JavaThread "Signal Dispatcher" daemon [_thread_blocked, id=20088, stack(0x00000063b3f00000,0x00000063b4000000)]
  0x0000022bf2277800 JavaThread "Attach Listener" daemon [_thread_blocked, id=11720, stack(0x00000063b4000000,0x00000063b4100000)]
=>0x0000022bf227a800 JavaThread "C2 CompilerThread0" daemon [_thread_in_native, id=12536, stack(0x00000063b4100000,0x00000063b4200000)]
  0x0000022bf2bc9000 JavaThread "C1 CompilerThread0" daemon [_thread_blocked, id=11980, stack(0x00000063b4200000,0x00000063b4300000)]
  0x0000022bf228c000 JavaThread "Sweeper thread" daemon [_thread_blocked, id=17932, stack(0x00000063b4300000,0x00000063b4400000)]
  0x0000022bf2cdc000 JavaThread "Service Thread" daemon [_thread_blocked, id=2124, stack(0x00000063b4400000,0x00000063b4500000)]
  0x0000022bf2cdf800 JavaThread "Common-Cleaner" daemon [_thread_blocked, id=9816, stack(0x00000063b4600000,0x00000063b4700000)]

Other Threads:
  0x0000022bf2217800 VMThread "VM Thread" [stack: 0x00000063b3c00000,0x00000063b3d00000] [id=20232]
  0x0000022bf2cde800 WatcherThread [stack: 0x00000063b4500000,0x00000063b4600000] [id=7636]
  0x0000022bd5bd2000 GCTaskThread "GC Thread#0" [stack: 0x00000063b3700000,0x00000063b3800000] [id=5764]
  0x0000022bd5bef800 ConcurrentGCThread "G1 Main Marker" [stack: 0x00000063b3800000,0x00000063b3900000] [id=19604]
  0x0000022bd5bf3800 ConcurrentGCThread "G1 Conc#0" [stack: 0x00000063b3900000,0x00000063b3a00000] [id=148]
  0x0000022bd5c5d800 ConcurrentGCThread "G1 Refine#0" [stack: 0x00000063b3a00000,0x00000063b3b00000] [id=19728]
  0x0000022bd5c5e800 ConcurrentGCThread "G1 Young RemSet Sampling" [stack: 0x00000063b3b00000,0x00000063b3c00000] [id=5624]

Threads with active compile tasks:
C2 CompilerThread0 360       4       jdk.internal.org.objectweb.asm.Item::set (219 bytes)

VM state:not at safepoint (normal execution)

VM Mutex/Monitor currently owned by a thread: None

Heap address: 0x00000000c1e00000, size: 994 MB, Compressed Oops mode: 32-bit
Narrow klass base: 0x0000000000000000, Narrow klass shift: 3
Compressed class space size: 1073741824 Address: 0x0000000100000000

Heap:
 garbage-first heap   total 65536K, used 3072K [0x00000000c1e00000, 0x0000000100000000)
  region size 1024K, 4 young (4096K), 0 survivors (0K)
 Metaspace       used 8689K, capacity 8901K, committed 9216K, reserved 1060864K
  class space    used 821K, capacity 904K, committed 1024K, reserved 1048576K
Heap Regions: E=young(eden), S=young(survivor), O=old, HS=humongous(starts), HC=humongous(continues), CS=collection set, F=free, A=archive, TAMS=top-at-mark-start (previous, next)
|   0|0x00000000c1e00000, 0x00000000c1e00000, 0x00000000c1f00000|  0%| F|  |TAMS 0x00000000c1e00000, 0x00000000c1e00000| Untracked 
|   1|0x00000000c1f00000, 0x00000000c1f00000, 0x00000000c2000000|  0%| F|  |TAMS 0x00000000c1f00000, 0x00000000c1f00000| Untracked 
|   2|0x00000000c2000000, 0x00000000c2000000, 0x00000000c2100000|  0%| F|  |TAMS 0x00000000c2000000, 0x00000000c2000000| Untracked 
|   3|0x00000000c2100000, 0x00000000c2100000, 0x00000000c2200000|  0%| F|  |TAMS 0x00000000c2100000, 0x00000000c2100000| Untracked 
|   4|0x00000000c2200000, 0x00000000c2200000, 0x00000000c2300000|  0%| F|  |TAMS 0x00000000c2200000, 0x00000000c2200000| Untracked 
|   5|0x00000000c2300000, 0x00000000c2300000, 0x00000000c2400000|  0%| F|  |TAMS 0x00000000c2300000, 0x00000000c2300000| Untracked 
|   6|0x00000000c2400000, 0x00000000c2400000, 0x00000000c2500000|  0%| F|  |TAMS 0x00000000c2400000, 0x00000000c2400000| Untracked 
|   7|0x00000000c2500000, 0x00000000c2500000, 0x00000000c2600000|  0%| F|  |TAMS 0x00000000c2500000, 0x00000000c2500000| Untracked 
|   8|0x00000000c2600000, 0x00000000c2600000, 0x00000000c2700000|  0%| F|  |TAMS 0x00000000c2600000, 0x00000000c2600000| Untracked 
|   9|0x00000000c2700000, 0x00000000c2700000, 0x00000000c2800000|  0%| F|  |TAMS 0x00000000c2700000, 0x00000000c2700000| Untracked 
|  10|0x00000000c2800000, 0x00000000c2800000, 0x00000000c2900000|  0%| F|  |TAMS 0x00000000c2800000, 0x00000000c2800000| Untracked 
|  11|0x00000000c2900000, 0x00000000c2900000, 0x00000000c2a00000|  0%| F|  |TAMS 0x00000000c2900000, 0x00000000c2900000| Untracked 
|  12|0x00000000c2a00000, 0x00000000c2a00000, 0x00000000c2b00000|  0%| F|  |TAMS 0x00000000c2a00000, 0x00000000c2a00000| Untracked 
|  13|0x00000000c2b00000, 0x00000000c2b00000, 0x00000000c2c00000|  0%| F|  |TAMS 0x00000000c2b00000, 0x00000000c2b00000| Untracked 
|  14|0x00000000c2c00000, 0x00000000c2c00000, 0x00000000c2d00000|  0%| F|  |TAMS 0x00000000c2c00000, 0x00000000c2c00000| Untracked 
|  15|0x00000000c2d00000, 0x00000000c2d00000, 0x00000000c2e00000|  0%| F|  |TAMS 0x00000000c2d00000, 0x00000000c2d00000| Untracked 
|  16|0x00000000c2e00000, 0x00000000c2e00000, 0x00000000c2f00000|  0%| F|  |TAMS 0x00000000c2e00000, 0x00000000c2e00000| Untracked 
|  17|0x00000000c2f00000, 0x00000000c2f00000, 0x00000000c3000000|  0%| F|  |TAMS 0x00000000c2f00000, 0x00000000c2f00000| Untracked 
|  18|0x00000000c3000000, 0x00000000c3000000, 0x00000000c3100000|  0%| F|  |TAMS 0x00000000c3000000, 0x00000000c3000000| Untracked 
|  19|0x00000000c3100000, 0x00000000c3100000, 0x00000000c3200000|  0%| F|  |TAMS 0x00000000c3100000, 0x00000000c3100000| Untracked 
|  20|0x00000000c3200000, 0x00000000c3200000, 0x00000000c3300000|  0%| F|  |TAMS 0x00000000c3200000, 0x00000000c3200000| Untracked 
|  21|0x00000000c3300000, 0x00000000c3300000, 0x00000000c3400000|  0%| F|  |TAMS 0x00000000c3300000, 0x00000000c3300000| Untracked 
|  22|0x00000000c3400000, 0x00000000c3400000, 0x00000000c3500000|  0%| F|  |TAMS 0x00000000c3400000, 0x00000000c3400000| Untracked 
|  23|0x00000000c3500000, 0x00000000c3500000, 0x00000000c3600000|  0%| F|  |TAMS 0x00000000c3500000, 0x00000000c3500000| Untracked 
|  24|0x00000000c3600000, 0x00000000c3600000, 0x00000000c3700000|  0%| F|  |TAMS 0x00000000c3600000, 0x00000000c3600000| Untracked 
|  25|0x00000000c3700000, 0x00000000c3700000, 0x00000000c3800000|  0%| F|  |TAMS 0x00000000c3700000, 0x00000000c3700000| Untracked 
|  26|0x00000000c3800000, 0x00000000c3800000, 0x00000000c3900000|  0%| F|  |TAMS 0x00000000c3800000, 0x00000000c3800000| Untracked 
|  27|0x00000000c3900000, 0x00000000c3900000, 0x00000000c3a00000|  0%| F|  |TAMS 0x00000000c3900000, 0x00000000c3900000| Untracked 
|  28|0x00000000c3a00000, 0x00000000c3a00000, 0x00000000c3b00000|  0%| F|  |TAMS 0x00000000c3a00000, 0x00000000c3a00000| Untracked 
|  29|0x00000000c3b00000, 0x00000000c3b00000, 0x00000000c3c00000|  0%| F|  |TAMS 0x00000000c3b00000, 0x00000000c3b00000| Untracked 
|  30|0x00000000c3c00000, 0x00000000c3c00000, 0x00000000c3d00000|  0%| F|  |TAMS 0x00000000c3c00000, 0x00000000c3c00000| Untracked 
|  31|0x00000000c3d00000, 0x00000000c3d00000, 0x00000000c3e00000|  0%| F|  |TAMS 0x00000000c3d00000, 0x00000000c3d00000| Untracked 
|  32|0x00000000c3e00000, 0x00000000c3e00000, 0x00000000c3f00000|  0%| F|  |TAMS 0x00000000c3e00000, 0x00000000c3e00000| Untracked 
|  33|0x00000000c3f00000, 0x00000000c3f00000, 0x00000000c4000000|  0%| F|  |TAMS 0x00000000c3f00000, 0x00000000c3f00000| Untracked 
|  34|0x00000000c4000000, 0x00000000c4000000, 0x00000000c4100000|  0%| F|  |TAMS 0x00000000c4000000, 0x00000000c4000000| Untracked 
|  35|0x00000000c4100000, 0x00000000c4100000, 0x00000000c4200000|  0%| F|  |TAMS 0x00000000c4100000, 0x00000000c4100000| Untracked 
|  36|0x00000000c4200000, 0x00000000c4200000, 0x00000000c4300000|  0%| F|  |TAMS 0x00000000c4200000, 0x00000000c4200000| Untracked 
|  37|0x00000000c4300000, 0x00000000c4300000, 0x00000000c4400000|  0%| F|  |TAMS 0x00000000c4300000, 0x00000000c4300000| Untracked 
|  38|0x00000000c4400000, 0x00000000c4400000, 0x00000000c4500000|  0%| F|  |TAMS 0x00000000c4400000, 0x00000000c4400000| Untracked 
|  39|0x00000000c4500000, 0x00000000c4500000, 0x00000000c4600000|  0%| F|  |TAMS 0x00000000c4500000, 0x00000000c4500000| Untracked 
|  40|0x00000000c4600000, 0x00000000c4600000, 0x00000000c4700000|  0%| F|  |TAMS 0x00000000c4600000, 0x00000000c4600000| Untracked 
|  41|0x00000000c4700000, 0x00000000c4700000, 0x00000000c4800000|  0%| F|  |TAMS 0x00000000c4700000, 0x00000000c4700000| Untracked 
|  42|0x00000000c4800000, 0x00000000c4800000, 0x00000000c4900000|  0%| F|  |TAMS 0x00000000c4800000, 0x00000000c4800000| Untracked 
|  43|0x00000000c4900000, 0x00000000c4900000, 0x00000000c4a00000|  0%| F|  |TAMS 0x00000000c4900000, 0x00000000c4900000| Untracked 
|  44|0x00000000c4a00000, 0x00000000c4a00000, 0x00000000c4b00000|  0%| F|  |TAMS 0x00000000c4a00000, 0x00000000c4a00000| Untracked 
|  45|0x00000000c4b00000, 0x00000000c4b00000, 0x00000000c4c00000|  0%| F|  |TAMS 0x00000000c4b00000, 0x00000000c4b00000| Untracked 
|  46|0x00000000c4c00000, 0x00000000c4c00000, 0x00000000c4d00000|  0%| F|  |TAMS 0x00000000c4c00000, 0x00000000c4c00000| Untracked 
|  47|0x00000000c4d00000, 0x00000000c4d00000, 0x00000000c4e00000|  0%| F|  |TAMS 0x00000000c4d00000, 0x00000000c4d00000| Untracked 
|  48|0x00000000c4e00000, 0x00000000c4e00000, 0x00000000c4f00000|  0%| F|  |TAMS 0x00000000c4e00000, 0x00000000c4e00000| Untracked 
|  49|0x00000000c4f00000, 0x00000000c4f00000, 0x00000000c5000000|  0%| F|  |TAMS 0x00000000c4f00000, 0x00000000c4f00000| Untracked 
|  50|0x00000000c5000000, 0x00000000c5000000, 0x00000000c5100000|  0%| F|  |TAMS 0x00000000c5000000, 0x00000000c5000000| Untracked 
|  51|0x00000000c5100000, 0x00000000c5100000, 0x00000000c5200000|  0%| F|  |TAMS 0x00000000c5100000, 0x00000000c5100000| Untracked 
|  52|0x00000000c5200000, 0x00000000c5200000, 0x00000000c5300000|  0%| F|  |TAMS 0x00000000c5200000, 0x00000000c5200000| Untracked 
|  53|0x00000000c5300000, 0x00000000c5300000, 0x00000000c5400000|  0%| F|  |TAMS 0x00000000c5300000, 0x00000000c5300000| Untracked 
|  54|0x00000000c5400000, 0x00000000c5400000, 0x00000000c5500000|  0%| F|  |TAMS 0x00000000c5400000, 0x00000000c5400000| Untracked 
|  55|0x00000000c5500000, 0x00000000c5500000, 0x00000000c5600000|  0%| F|  |TAMS 0x00000000c5500000, 0x00000000c5500000| Untracked 
|  56|0x00000000c5600000, 0x00000000c5600000, 0x00000000c5700000|  0%| F|  |TAMS 0x00000000c5600000, 0x00000000c5600000| Untracked 
|  57|0x00000000c5700000, 0x00000000c5700000, 0x00000000c5800000|  0%| F|  |TAMS 0x00000000c5700000, 0x00000000c5700000| Untracked 
|  58|0x00000000c5800000, 0x00000000c5800000, 0x00000000c5900000|  0%| F|  |TAMS 0x00000000c5800000, 0x00000000c5800000| Untracked 
|  59|0x00000000c5900000, 0x00000000c5900000, 0x00000000c5a00000|  0%| F|  |TAMS 0x00000000c5900000, 0x00000000c5900000| Untracked 
|  60|0x00000000c5a00000, 0x00000000c5a7b628, 0x00000000c5b00000| 48%| E|  |TAMS 0x00000000c5a00000, 0x00000000c5a00000| Complete 
|  61|0x00000000c5b00000, 0x00000000c5c00000, 0x00000000c5c00000|100%| E|CS|TAMS 0x00000000c5b00000, 0x00000000c5b00000| Complete 
|  62|0x00000000c5c00000, 0x00000000c5d00000, 0x00000000c5d00000|100%| E|CS|TAMS 0x00000000c5c00000, 0x00000000c5c00000| Complete 
|  63|0x00000000c5d00000, 0x00000000c5e00000, 0x00000000c5e00000|100%| E|CS|TAMS 0x00000000c5d00000, 0x00000000c5d00000| Complete 

Card table byte_map: [0x0000022bed4f0000,0x0000022bed6f0000] _byte_map_base: 0x0000022becee1000

Marking Bits (Prev, Next): (CMBitMap*) 0x0000022bd5beabd8, (CMBitMap*) 0x0000022bd5beac10
 Prev Bits: [0x0000022bed8f0000, 0x0000022bee878000)
 Next Bits: [0x0000022bee880000, 0x0000022bef808000)

Polling page: 0x0000022bd3a80000

Metaspace:

Usage:
  Non-class:      7.81 MB capacity,     7.70 MB ( 99%) used,    98.27 KB (  1%) free+waste,    10.63 KB ( <1%) overhead. 
      Class:    904.00 KB capacity,   825.35 KB ( 91%) used,    73.52 KB (  8%) free+waste,     5.13 KB ( <1%) overhead. 
       Both:      8.69 MB capacity,     8.51 MB ( 98%) used,   171.79 KB (  2%) free+waste,    15.75 KB ( <1%) overhead. 

Virtual space:
  Non-class space:       12.00 MB reserved,       8.00 MB ( 67%) committed 
      Class space:        1.00 GB reserved,       1.00 MB ( <1%) committed 
             Both:        1.01 GB reserved,       9.00 MB ( <1%) committed 

Chunk freelists:
   Non-Class:  384 bytes
       Class:  3.00 KB
        Both:  3.38 KB

CodeHeap 'non-profiled nmethods': size=120000Kb used=93Kb max_used=93Kb free=119906Kb
 bounds [0x0000022be5a90000, 0x0000022be5d00000, 0x0000022becfc0000]
CodeHeap 'profiled nmethods': size=120000Kb used=591Kb max_used=591Kb free=119408Kb
 bounds [0x0000022bde560000, 0x0000022bde7d0000, 0x0000022be5a90000]
CodeHeap 'non-nmethods': size=5760Kb used=1078Kb max_used=1078Kb free=4681Kb
 bounds [0x0000022bddfc0000, 0x0000022bde230000, 0x0000022bde560000]
 total_blobs=836 nmethods=381 adapters=290
 compilation: enabled
              stopped_count=0, restarted_count=0
 full_count=0

Compilation events (10 events):
Event: 0.436 Thread 0x0000022bf2bc9000 nmethod 357 0x0000022bde5e9a10 code [0x0000022bde5e9c60, 0x0000022bde5ea400]
Event: 0.437 Thread 0x0000022bf2bc9000  358       3       java.util.ArrayList$Itr::next (66 bytes)
Event: 0.437 Thread 0x0000022bf2bc9000 nmethod 358 0x0000022bde5ea710 code [0x0000022bde5ea900, 0x0000022bde5ead30]
Event: 0.437 Thread 0x0000022bf227a800  360       4       jdk.internal.org.objectweb.asm.Item::set (219 bytes)
Event: 0.438 Thread 0x0000022bf2bc9000  361       3       java.lang.invoke.MethodHandle::<init> (37 bytes)
Event: 0.438 Thread 0x0000022bf2bc9000 nmethod 361 0x0000022bde5eaf10 code [0x0000022bde5eb120, 0x0000022bde5eb6e0]
Event: 0.438 Thread 0x0000022bf2bc9000  362       3       java.lang.invoke.LambdaForm::prepare (112 bytes)
Event: 0.439 Thread 0x0000022bf2bc9000 nmethod 362 0x0000022bde5eb910 code [0x0000022bde5ebb40, 0x0000022bde5ec160]
Event: 0.440 Thread 0x0000022bf2bc9000  364       3       java.lang.invoke.InvokerBytecodeGenerator::emitStaticInvoke (258 bytes)
Event: 0.442 Thread 0x0000022bf2bc9000 nmethod 364 0x0000022bde5ec390 code [0x0000022bde5ec6a0, 0x0000022bde5ed570]

GC Heap History (0 events):
No events

Deoptimization events (0 events):
No events

Classes redefined (0 events):
No events

Internal exceptions (7 events):
Event: 0.296 Thread 0x0000022bd5bbc800 Exception <a 'java/lang/ClassNotFoundException'{0x00000000c5cb0f48}: sun/awt/resources/spi/awtProvider> (0x00000000c5cb0f48) thrown at [./open/src/hotspot/share/classfile/systemDictionary.cpp, line 228]
Event: 0.393 Thread 0x0000022bd5bbc800 Exception <a 'java/io/FileNotFoundException'{0x00000000c5b4a150}> (0x00000000c5b4a150) thrown at [./open/src/hotspot/share/prims/jni.cpp, line 611]
Event: 0.414 Thread 0x0000022bd5bbc800 Exception <a 'java/lang/NoSuchMethodError'{0x00000000c5ba5338}: java.lang.invoke.DirectMethodHandle$Holder.invokeStatic(Ljava/lang/Object;Ljava/lang/Object;Ljava/lang/Object;Ljava/lang/Object;Ljava/lang/Object;Ljava/lang/Object;Ljava/lang/Object;Ljava/lan
Event: 0.416 Thread 0x0000022bd5bbc800 Exception <a 'java/lang/NoSuchMethodError'{0x00000000c5bb30a8}: java.lang.invoke.DirectMethodHandle$Holder.invokeStatic(Ljava/lang/Object;Ljava/lang/Object;Ljava/lang/Object;Ljava/lang/Object;Ljava/lang/Object;Ljava/lang/Object;Ljava/lang/Object;Ljava/lan
Event: 0.419 Thread 0x0000022bd5bbc800 Exception <a 'java/lang/NoSuchMethodError'{0x00000000c5bc0d10}: java.lang.invoke.DirectMethodHandle$Holder.invokeSpecial(Ljava/lang/Object;Ljava/lang/Object;IILjava/lang/Object;Ljava/lang/Object;Ljava/lang/Object;)Ljava/lang/Object;> (0x00000000c5bc0d10) 
Event: 0.420 Thread 0x0000022bd5bbc800 Exception <a 'java/lang/NoSuchMethodError'{0x00000000c5bc4298}: java.lang.invoke.DelegatingMethodHandle$Holder.reinvoke_L(Ljava/lang/Object;IILjava/lang/Object;Ljava/lang/Object;Ljava/lang/Object;)Ljava/lang/Object;> (0x00000000c5bc4298) thrown at [./open
Event: 0.420 Thread 0x0000022bd5bbc800 Exception <a 'java/lang/NoSuchMethodError'{0x00000000c5bc8378}: java.lang.invoke.DirectMethodHandle$Holder.invokeStatic(Ljava/lang/Object;Ljava/lang/Object;Ljava/lang/Object;Ljava/lang/Object;I)Ljava/lang/Object;> (0x00000000c5bc8378) thrown at [./open/sr

Events (10 events):
Event: 0.422 loading class java/lang/invoke/ClassSpecializer$Factory$1Var
Event: 0.422 loading class java/lang/invoke/ClassSpecializer$Factory$1Var done
Event: 0.422 loading class java/util/Collections$UnmodifiableRandomAccessList
Event: 0.422 loading class java/util/Collections$UnmodifiableList
Event: 0.422 loading class java/util/Collections$UnmodifiableList done
Event: 0.423 loading class java/util/Collections$UnmodifiableRandomAccessList done
Event: 0.426 loading class java/lang/invoke/BoundMethodHandle$Species_LIIL
Event: 0.426 loading class java/lang/invoke/BoundMethodHandle$Species_LIIL done
Event: 0.434 loading class java/lang/invoke/BoundMethodHandle$Species_LIILL
Event: 0.434 loading class java/lang/invoke/BoundMethodHandle$Species_LIILL done


Dynamic libraries:
0x00007ff7feec0000 - 0x00007ff7fef07000 	C:\Program Files\Java\jdk-11.0.7\bin\java.exe
0x00007ffd832e0000 - 0x00007ffd834d0000 	C:\Windows\SYSTEM32\ntdll.dll
0x00007ffd81de0000 - 0x00007ffd81e92000 	C:\Windows\System32\KERNEL32.DLL
0x00007ffd80de0000 - 0x00007ffd81084000 	C:\Windows\System32\KERNELBASE.dll
0x00007ffd7df90000 - 0x00007ffd7e01f000 	C:\Windows\SYSTEM32\apphelp.dll
0x00007ffd83190000 - 0x00007ffd83233000 	C:\Windows\System32\ADVAPI32.dll
0x00007ffd81520000 - 0x00007ffd815be000 	C:\Windows\System32\msvcrt.dll
0x00007ffd81b90000 - 0x00007ffd81c27000 	C:\Windows\System32\sechost.dll
0x00007ffd81a70000 - 0x00007ffd81b90000 	C:\Windows\System32\RPCRT4.dll
0x00007ffd817b0000 - 0x00007ffd81944000 	C:\Windows\System32\USER32.dll
0x00007ffd80270000 - 0x00007ffd80291000 	C:\Windows\System32\win32u.dll
0x00007ffd81410000 - 0x00007ffd81436000 	C:\Windows\System32\GDI32.dll
0x00007ffd80ad0000 - 0x00007ffd80c65000 	C:\Windows\System32\gdi32full.dll
0x00007ffd81090000 - 0x00007ffd8112e000 	C:\Windows\System32\msvcp_win.dll
0x00007ffd81290000 - 0x00007ffd8138a000 	C:\Windows\System32\ucrtbase.dll
0x00007ffd6d130000 - 0x00007ffd6d3b4000 	C:\Windows\WinSxS\amd64_microsoft.windows.common-controls_6595b64144ccf1df_6.0.18362.900_none_e6beb9d913147d17\COMCTL32.dll
0x00007ffd7c5b0000 - 0x00007ffd7c5ba000 	C:\Windows\SYSTEM32\VERSION.dll
0x00007ffd82d10000 - 0x00007ffd83045000 	C:\Windows\System32\combase.dll
0x00007ffd811e0000 - 0x00007ffd81260000 	C:\Windows\System32\bcryptPrimitives.dll
0x00007ffd81ea0000 - 0x00007ffd81ece000 	C:\Windows\System32\IMM32.DLL
0x00007ffd72eb0000 - 0x00007ffd72ec6000 	C:\Program Files\Java\jdk-11.0.7\bin\vcruntime140.dll
0x00007ffd44060000 - 0x00007ffd4410a000 	C:\Program Files\Java\jdk-11.0.7\bin\msvcp140.dll
0x00007ffd10fb0000 - 0x00007ffd11b11000 	C:\Program Files\Java\jdk-11.0.7\bin\server\jvm.dll
0x00007ffd81640000 - 0x00007ffd81648000 	C:\Windows\System32\PSAPI.DLL
0x00007ffd7c9f0000 - 0x00007ffd7c9f9000 	C:\Windows\SYSTEM32\WSOCK32.dll
0x00007ffd81950000 - 0x00007ffd819bf000 	C:\Windows\System32\WS2_32.dll
0x00007ffd7c850000 - 0x00007ffd7c874000 	C:\Windows\SYSTEM32\WINMM.dll
0x00007ffd7c820000 - 0x00007ffd7c84d000 	C:\Windows\SYSTEM32\WINMMBASE.dll
0x00007ffd80a80000 - 0x00007ffd80aca000 	C:\Windows\System32\cfgmgr32.dll
0x00007ffd80250000 - 0x00007ffd80261000 	C:\Windows\System32\kernel.appcore.dll
0x00007ffd719b0000 - 0x00007ffd719c1000 	C:\Program Files\Java\jdk-11.0.7\bin\verify.dll
0x00007ffd7ea30000 - 0x00007ffd7ec24000 	C:\Windows\SYSTEM32\DBGHELP.DLL
0x00007ffd619d0000 - 0x00007ffd619fa000 	C:\Windows\SYSTEM32\dbgcore.DLL
0x00007ffd71480000 - 0x00007ffd714a9000 	C:\Program Files\Java\jdk-11.0.7\bin\java.dll
0x00007ffd7c900000 - 0x00007ffd7c90a000 	C:\Program Files\Java\jdk-11.0.7\bin\jimage.dll
0x00007ffd71680000 - 0x00007ffd71696000 	C:\Program Files\Java\jdk-11.0.7\bin\zip.dll
0x00007ffd82610000 - 0x00007ffd82cf6000 	C:\Windows\System32\SHELL32.dll
0x00007ffd82560000 - 0x00007ffd82609000 	C:\Windows\System32\shcore.dll
0x00007ffd802a0000 - 0x00007ffd80a20000 	C:\Windows\System32\windows.storage.dll
0x00007ffd801d0000 - 0x00007ffd801f3000 	C:\Windows\System32\profapi.dll
0x00007ffd80200000 - 0x00007ffd8024a000 	C:\Windows\System32\powrprof.dll
0x00007ffd801a0000 - 0x00007ffd801b0000 	C:\Windows\System32\UMPDC.dll
0x00007ffd814c0000 - 0x00007ffd81512000 	C:\Windows\System32\shlwapi.dll
0x00007ffd80dc0000 - 0x00007ffd80dd7000 	C:\Windows\System32\cryptsp.dll
0x00007ffd70e10000 - 0x00007ffd70e29000 	C:\Program Files\Java\jdk-11.0.7\bin\net.dll
0x00007ffd7ad50000 - 0x00007ffd7ae40000 	C:\Windows\SYSTEM32\WINHTTP.dll
0x00007ffd7f9b0000 - 0x00007ffd7fa17000 	C:\Windows\system32\mswsock.dll
0x00007ffd70790000 - 0x00007ffd707a3000 	C:\Program Files\Java\jdk-11.0.7\bin\nio.dll
0x00007ffd43240000 - 0x00007ffd433df000 	C:\Program Files\Java\jdk-11.0.7\bin\awt.dll
0x00007ffd81ed0000 - 0x00007ffd81f95000 	C:\Windows\System32\OLEAUT32.dll

dbghelp: loaded successfully - version: 4.0.5 - missing functions: none
symbol engine: initialized successfully - sym options: 0x614 - pdb path: .;C:\Program Files\Java\jdk-11.0.7\bin;C:\Windows\SYSTEM32;C:\Windows\WinSxS\amd64_microsoft.windows.common-controls_6595b64144ccf1df_6.0.18362.900_none_e6beb9d913147d17;C:\Program Files\Java\jdk-11.0.7\bin\server

VM Arguments:
jvm_args: -Dfile.encoding=UTF-8 
java_command: main.UI
java_class_path (initial): C:\Program Files\NetBeans-11.2\netbeans\java\modules\ext\AbsoluteLayout.jar;C:\Program Files\Java\sqljdbc4.jar;C:\Users\HL\Documents\FPT\PRJ311 - ThanhPC\LamHDT\build\classes
Launcher Type: SUN_STANDARD

[Global flags]
     intx CICompilerCount                          = 4                                         {product} {ergonomic}
     uint ConcGCThreads                            = 2                                         {product} {ergonomic}
     uint G1ConcRefinementThreads                  = 8                                         {product} {ergonomic}
   size_t G1HeapRegionSize                         = 1048576                                   {product} {ergonomic}
    uintx GCDrainStackTargetSize                   = 64                                        {product} {ergonomic}
   size_t InitialHeapSize                          = 67108864                                  {product} {ergonomic}
   size_t MarkStackSize                            = 4194304                                   {product} {ergonomic}
   size_t MaxHeapSize                              = 1042284544                                {product} {ergonomic}
   size_t MaxNewSize                               = 624951296                                 {product} {ergonomic}
   size_t MinHeapDeltaBytes                        = 1048576                                   {product} {ergonomic}
    uintx NonNMethodCodeHeapSize                   = 5836300                                {pd product} {ergonomic}
    uintx NonProfiledCodeHeapSize                  = 122910970                              {pd product} {ergonomic}
    uintx ProfiledCodeHeapSize                     = 122910970                              {pd product} {ergonomic}
    uintx ReservedCodeCacheSize                    = 251658240                              {pd product} {ergonomic}
     bool SegmentedCodeCache                       = true                                      {product} {ergonomic}
     bool UseCompressedClassPointers               = true                                 {lp64_product} {ergonomic}
     bool UseCompressedOops                        = true                                 {lp64_product} {ergonomic}
     bool UseG1GC                                  = true                                      {product} {ergonomic}
     bool UseLargePagesIndividualAllocation        = false                                  {pd product} {ergonomic}

Logging:
Log output configuration:
 #0: stdout all=warning uptime,level,tags
 #1: stderr all=off uptime,level,tags

Environment Variables:
JAVA_HOME=C:\Program Files\Java\jdk-13.0.1
PATH=C:\Program Files (x86)\Common Files\Oracle\Java\javapath;C:\Python27\;C:\Python27\Scripts;C:\Windows\system32;C:\Windows;C:\Windows\System32\Wbem;C:\Windows\System32\WindowsPowerShell\v1.0\;C:\Windows\System32\OpenSSH\;C:\Program Files\dotnet\;C:\Program Files\Microsoft SQL Server\130\Tools\Binn\;C:\Program Files\Microsoft SQL Server\Client SDK\ODBC\170\Tools\Binn\;C:\MinGW\bin;C:\Program Files\Git\cmd;C:\Program Files (x86)\Microsoft SQL Server\140\Tools\Binn\;C:\Program Files\Microsoft SQL Server\140\Tools\Binn\;C:\Program Files (x86)\Microsoft SQL Server\140\DTS\Binn\;C:\Program Files\Microsoft SQL Server\140\DTS\Binn\;C:\Program Files\Microsoft SQL Server\Client SDK\ODBC\130\Tools\Binn\;C:\Program Files (x86)\Microsoft SQL Server\150\DTS\Binn\;C:\Program Files\Java\jdk-13.0.1\bin;C:\Program Files\nodejs\;C:\ProgramData\chocolatey\bin;C:\Program Files\Microsoft VS Code\bin;C:\Users\HL\AppData\Local\Microsoft\WindowsApps;C:\Users\HL\AppData\Local\GitHubDesktop\bin;C:\Users\HL\AppData\Roaming\npm;C:\Program Files\JetBrains\IntelliJ IDEA 2019.3.4\bin;
USERNAME=HL
OS=Windows_NT
PROCESSOR_IDENTIFIER=Intel64 Family 6 Model 142 Stepping 10, GenuineIntel



---------------  S Y S T E M  ---------------

OS: Windows 10 , 64 bit Build 18362 (10.0.18362.900)

CPU:total 8 (initial active 8) (4 cores per cpu, 2 threads per core) family 6 model 142 stepping 10, cmov, cx8, fxsr, mmx, sse, sse2, sse3, ssse3, sse4.1, sse4.2, popcnt, avx, avx2, aes, clmul, erms, 3dnowpref, lzcnt, ht, tsc, tscinvbit, bmi1, bmi2, adx, fma

Memory: 4k page, system-wide physical 3970M (354M free)
TotalPageFile size 8970M (AvailPageFile size 2M)
current process WorkingSet (physical memory assigned to process): 40M, peak: 40M
current process commit charge ("private bytes"): 144M, peak: 144M

vm_info: Java HotSpot(TM) 64-Bit Server VM (11.0.7+8-LTS) for windows-amd64 JRE (11.0.7+8-LTS), built on Mar 12 2020 02:04:32 by "mach5one" with MS VC++ 15.5 (VS2017)

END.
